<?xml version="1.0" encoding="UTF-8"?>
<!-- Generated by org.testng.reporters.JUnitReportReporter -->
<testsuite hostname="DESKTOP-6MGFRTK" failures="0" tests="1" name="com.qa.testcases.inwardlist.JobWorkInspectionListPageTest" time="6.003" errors="0" timestamp="2023-02-02T16:03:39 IST" skipped="0">
  <testcase classname="com.qa.testcases.inwardlist.JobWorkInspectionListPageTest" name="Verify_Navigation" time="6.003"/>
  <system-out/>
</testsuite> <!-- com.qa.testcases.inwardlist.JobWorkInspectionListPageTest -->
